2024.07.07 03:37:36 INFO  Started: Metals version 1.3.2 in folders 'D:\scala\assignment 4' for client Visual Studio Code 1.91.0.
SLF4J(W): Class path contains multiple SLF4J providers.
SLF4J(W): Found provider [scribe.slf4j.ScribeServiceProvider@61ea178f]
SLF4J(W): Found provider [ch.qos.logback.classic.spi.LogbackServiceProvider@75f014bd]
SLF4J(W): See https://www.slf4j.org/codes.html#multiple_bindings for an explanation.
SLF4J(I): Actual provider is of type [scribe.slf4j.ScribeServiceProvider@61ea178f]
2024.07.07 03:37:36 WARN  Flyway upgrade recommended: H2 2.2.224 is newer than this version of Flyway and support has not been tested. The latest supported version of H2 is 2.2.220.
2024.07.07 03:37:37 INFO  no build target found for D:\scala\assignment 4\22000356_1.scala. Using presentation compiler with project's scala-library version: 3.3.3
2024.07.07 03:37:39 INFO  Running List(C:\Users\Ishan Maduranga\AppData\Local\Coursier\data\bin\scala-cli.BAT, setup-ide, D:\scala\assignment 4)
2024.07.07 03:37:39 INFO  Attempting to connect to the build server...
2024.07.07 03:37:39 INFO  Running BSP server List(C:\Users\Ishan Maduranga\AppData\Local\Coursier\data\bin\.scala-cli.aux.exe, bsp, --json-options, D:\scala\assignment 4\.scala-build\ide-options-v2.json, --json-launcher-options, D:\scala\assignment 4\.scala-build\ide-launcher-options.json, --envs-file, D:\scala\assignment 4\.scala-build\ide-envs.json, D:\scala\assignment 4)
2024.07.07 03:37:39 INFO  tracing is disabled for protocol BSP, to enable tracing of incoming and outgoing JSON messages create an empty file at D:\scala\assignment 4\.metals\bsp.trace.json or C:\Users\Ishan Maduranga\AppData\Local\scalameta\metals\cache\bsp.trace.json
2024.07.07 03:37:42 INFO  time: Connected to build server in 3.04s
2024.07.07 03:37:42 INFO  Connected to Build server: scala-cli v1.3.2
2024.07.07 03:37:43 INFO  compiling assignment 4_e91d09b95c (3 scala sources)
2024.07.07 03:37:44 INFO  time: indexed workspace in 1.44s
2024.07.07 03:37:44 WARN  no build target for: D:\scala\assignment 4\22000356_1.scala
2024.07.07 03:37:44 INFO  no build target found for D:\scala\assignment 4\22000356_1.scala. Using presentation compiler with project's scala-library version: 3.3.3
2024.07.07 03:37:44 INFO  no build target found for D:\scala\assignment 4\22000356_1.scala. Using presentation compiler with project's scala-library version: 3.3.3
2024.07.07 03:37:48 INFO  no build target found for D:\scala\assignment 4\22000356_1.scala. Using presentation compiler with project's scala-library version: 3.3.3
2024.07.07 03:38:14 INFO  no build target found for D:\scala\assignment 4\22000356_1.scala. Using presentation compiler with project's scala-library version: 3.3.3
2024.07.07 03:39:22 INFO  no build target found for D:\scala\assignment 4\22000356_1.scala. Using presentation compiler with project's scala-library version: 3.3.3
2024.07.07 03:41:07 INFO  no build target found for D:\scala\assignment 4\22000356_1.scala. Using presentation compiler with project's scala-library version: 3.3.3
2024.07.07 03:41:09 INFO  no build target found for D:\scala\assignment 4\22000356_1.scala. Using presentation compiler with project's scala-library version: 3.3.3
2024.07.07 03:45:42 INFO  Shutting down server
2024.07.07 03:45:42 INFO  shutting down Metals
2024.07.07 03:45:42 INFO  Shut down connection with build server.
2024.07.07 03:45:42 INFO  BSP server: Jul 07, 2024 3:45:42 AM org.eclipse.lsp4j.jsonrpc.RemoteEndpoint handleNotification
2024.07.07 03:45:42 INFO  Exiting server
2024.07.07 09:50:09 INFO  Started: Metals version 1.3.2 in folders 'D:\scala\assignment 4' for client Visual Studio Code 1.91.0.
SLF4J(W): Class path contains multiple SLF4J providers.
SLF4J(W): Found provider [scribe.slf4j.ScribeServiceProvider@7a764919]
SLF4J(W): Found provider [ch.qos.logback.classic.spi.LogbackServiceProvider@6404bf6]
SLF4J(W): See https://www.slf4j.org/codes.html#multiple_bindings for an explanation.
SLF4J(I): Actual provider is of type [scribe.slf4j.ScribeServiceProvider@7a764919]
2024.07.07 09:50:09 WARN  Flyway upgrade recommended: H2 2.2.224 is newer than this version of Flyway and support has not been tested. The latest supported version of H2 is 2.2.220.
2024.07.07 09:50:10 INFO  no build target found for D:\scala\assignment 4\22000356_1.scala. Using presentation compiler with project's scala-library version: 3.3.3
2024.07.07 09:50:11 INFO  Attempting to connect to the build server...
2024.07.07 09:50:11 INFO  Running BSP server List(C:\Users\Ishan Maduranga\AppData\Local\Coursier\data\bin\.scala-cli.aux.exe, bsp, --json-options, D:\scala\assignment 4\.scala-build\ide-options-v2.json, --json-launcher-options, D:\scala\assignment 4\.scala-build\ide-launcher-options.json, --envs-file, D:\scala\assignment 4\.scala-build\ide-envs.json, D:\scala\assignment 4)
2024.07.07 09:50:11 INFO  tracing is disabled for protocol BSP, to enable tracing of incoming and outgoing JSON messages create an empty file at D:\scala\assignment 4\.metals\bsp.trace.json or C:\Users\Ishan Maduranga\AppData\Local\scalameta\metals\cache\bsp.trace.json
2024.07.07 09:50:15 INFO  time: Connected to build server in 4.14s
2024.07.07 09:50:15 INFO  Connected to Build server: scala-cli v1.3.2
2024.07.07 09:50:16 INFO  time: indexed workspace in 1.29s
2024.07.07 09:50:16 WARN  no build target for: D:\scala\assignment 4\22000356_1.scala
2024.07.07 09:50:16 INFO  no build target found for D:\scala\assignment 4\22000356_1.scala. Using presentation compiler with project's scala-library version: 3.3.3
2024.07.07 09:50:16 INFO  no build target found for D:\scala\assignment 4\22000356_1.scala. Using presentation compiler with project's scala-library version: 3.3.3
Jul 07, 2024 9:50:44 AM org.eclipse.lsp4j.jsonrpc.services.GenericEndpoint notify
INFO: Unsupported notification method: $/setTrace
2024.07.07 09:54:13 INFO  no build target found for D:\scala\assignment 4\22000356_1.scala. Using presentation compiler with project's scala-library version: 3.3.3
2024.07.07 09:54:23 INFO  no build target found for D:\scala\assignment 4\22000356_1.scala. Using presentation compiler with project's scala-library version: 3.3.3
2024.07.07 09:54:23 INFO  no build target found for D:\scala\assignment 4\22000356_1.scala. Using presentation compiler with project's scala-library version: 3.3.3
2024.07.07 09:54:28 INFO  no build target found for D:\scala\assignment 4\22000356_1.scala. Using presentation compiler with project's scala-library version: 3.3.3
2024.07.07 09:54:28 INFO  no build target found for D:\scala\assignment 4\22000356_1.scala. Using presentation compiler with project's scala-library version: 3.3.3
2024.07.07 09:54:28 INFO  no build target found for D:\scala\assignment 4\22000356_1.scala. Using presentation compiler with project's scala-library version: 3.3.3
2024.07.07 09:54:28 INFO  no build target found for D:\scala\assignment 4\22000356_1.scala. Using presentation compiler with project's scala-library version: 3.3.3
2024.07.07 09:54:29 INFO  no build target found for D:\scala\assignment 4\22000356_1.scala. Using presentation compiler with project's scala-library version: 3.3.3
2024.07.07 09:54:29 INFO  no build target found for D:\scala\assignment 4\22000356_1.scala. Using presentation compiler with project's scala-library version: 3.3.3
2024.07.07 09:54:30 WARN  no build target for: D:\scala\assignment 4\22000356_1.scala
2024.07.07 09:54:30 INFO  no build target found for D:\scala\assignment 4\22000356_1.scala. Using presentation compiler with project's scala-library version: 3.3.3
2024.07.07 09:54:36 INFO  no build target found for D:\scala\assignment 4\22000356_1.scala. Using presentation compiler with project's scala-library version: 3.3.3
2024.07.07 09:54:37 INFO  no build target found for D:\scala\assignment 4\22000356_1.scala. Using presentation compiler with project's scala-library version: 3.3.3
Jul 07, 2024 9:55:21 AM org.eclipse.lsp4j.jsonrpc.RemoteEndpoint handleNotification
WARNING: Notification threw an exception: {
  "jsonrpc": "2.0",
  "method": "metals/didFocusTextDocument",
  "params": [
    "gitlens://7b22726566223a2263376534346535643634626431336230323232613531613031636266613136623933333763353430222c227265706f50617468223a22643a2f7363616c612f61737369676e6d656e742034227d/d%3A/scala/assignment%204/22000356_1.scala?%7B%22ref%22%3A%22c7e44e5%22%7D"
  ]
}
java.nio.file.FileSystemNotFoundException: Provider "gitlens" not installed
	at java.base/java.nio.file.Path.of(Path.java:212)
	at java.base/java.nio.file.Paths.get(Paths.java:98)
	at scala.meta.internal.mtags.MtagsEnrichments$XtensionURIMtags.toAbsolutePath(MtagsEnrichments.scala:131)
	at scala.meta.internal.mtags.MtagsEnrichments$XtensionStringMtags.toAbsolutePath(MtagsEnrichments.scala:187)
	at scala.meta.internal.metals.MetalsEnrichments$XtensionString.toAbsolutePath(MetalsEnrichments.scala:756)
	at scala.meta.internal.metals.MetalsEnrichments$XtensionString.toAbsolutePath(MetalsEnrichments.scala:753)
	at scala.meta.internal.metals.WorkspaceLspService.didFocus(WorkspaceLspService.scala:695)
	at scala.meta.metals.lsp.DelegatingScalaService.didFocus(DelegatingScalaService.scala:43)
	at java.base/jdk.internal.reflect.DirectMethodHandleAccessor.invoke(DirectMethodHandleAccessor.java:104)
	at java.base/java.lang.reflect.Method.invoke(Method.java:577)
	at org.eclipse.lsp4j.jsonrpc.services.GenericEndpoint.lambda$recursiveFindRpcMethods$0(GenericEndpoint.java:65)
	at org.eclipse.lsp4j.jsonrpc.services.GenericEndpoint.notify(GenericEndpoint.java:160)
	at org.eclipse.lsp4j.jsonrpc.RemoteEndpoint.handleNotification(RemoteEndpoint.java:231)
	at org.eclipse.lsp4j.jsonrpc.RemoteEndpoint.consume(RemoteEndpoint.java:198)
	at org.eclipse.lsp4j.jsonrpc.json.StreamMessageProducer.handleMessage(StreamMessageProducer.java:185)
	at org.eclipse.lsp4j.jsonrpc.json.StreamMessageProducer.listen(StreamMessageProducer.java:97)
	at org.eclipse.lsp4j.jsonrpc.json.ConcurrentMessageProcessor.run(ConcurrentMessageProcessor.java:114)
	at java.base/java.util.concurrent.Executors$RunnableAdapter.call(Executors.java:539)
	at java.base/java.util.concurrent.FutureTask.run(FutureTask.java:264)
	at java.base/java.util.concurrent.ThreadPoolExecutor.runWorker(ThreadPoolExecutor.java:1136)
	at java.base/java.util.concurrent.ThreadPoolExecutor$Worker.run(ThreadPoolExecutor.java:635)
	at java.base/java.lang.Thread.run(Thread.java:833)

2024.07.07 09:55:38 INFO  no build target found for D:\scala\assignment 4\22000356_1.scala. Using presentation compiler with project's scala-library version: 3.3.3
2024.07.07 09:55:45 INFO  no build target found for D:\scala\assignment 4\22000356_1.scala. Using presentation compiler with project's scala-library version: 3.3.3
2024.07.07 09:55:45 INFO  no build target found for D:\scala\assignment 4\22000356_1.scala. Using presentation compiler with project's scala-library version: 3.3.3
2024.07.07 09:57:03 INFO  no build target found for D:\scala\assignment 4\22000356_1.scala. Using presentation compiler with project's scala-library version: 3.3.3
2024.07.07 09:57:03 INFO  no build target found for D:\scala\assignment 4\22000356_1.scala. Using presentation compiler with project's scala-library version: 3.3.3
2024.07.07 10:08:16 INFO  Shutting down server
2024.07.07 10:08:16 INFO  shutting down Metals
2024.07.07 10:08:16 INFO  Shut down connection with build server.
2024.07.07 10:08:16 INFO  BSP server: Jul 07, 2024 10:08:16 AM org.eclipse.lsp4j.jsonrpc.RemoteEndpoint handleNotification
2024.07.07 10:08:16 INFO  Exiting server
2024.07.07 10:08:34 INFO  Started: Metals version 1.3.2 in folders 'D:\scala\assignment 4' for client Visual Studio Code 1.91.0.
SLF4J(W): Class path contains multiple SLF4J providers.
SLF4J(W): Found provider [scribe.slf4j.ScribeServiceProvider@5d77f29d]
SLF4J(W): Found provider [ch.qos.logback.classic.spi.LogbackServiceProvider@68b72ba3]
SLF4J(W): See https://www.slf4j.org/codes.html#multiple_bindings for an explanation.
SLF4J(I): Actual provider is of type [scribe.slf4j.ScribeServiceProvider@5d77f29d]
2024.07.07 10:08:34 WARN  Flyway upgrade recommended: H2 2.2.224 is newer than this version of Flyway and support has not been tested. The latest supported version of H2 is 2.2.220.
2024.07.07 10:08:36 INFO  no build target found for D:\scala\assignment 4\22000356_1.scala. Using presentation compiler with project's scala-library version: 3.3.3
2024.07.07 10:08:36 INFO  Attempting to connect to the build server...
2024.07.07 10:08:36 INFO  Running BSP server List(C:\Users\Ishan Maduranga\AppData\Local\Coursier\data\bin\.scala-cli.aux.exe, bsp, --json-options, D:\scala\assignment 4\.scala-build\ide-options-v2.json, --json-launcher-options, D:\scala\assignment 4\.scala-build\ide-launcher-options.json, --envs-file, D:\scala\assignment 4\.scala-build\ide-envs.json, D:\scala\assignment 4)
2024.07.07 10:08:36 INFO  tracing is disabled for protocol BSP, to enable tracing of incoming and outgoing JSON messages create an empty file at D:\scala\assignment 4\.metals\bsp.trace.json or C:\Users\Ishan Maduranga\AppData\Local\scalameta\metals\cache\bsp.trace.json
2024.07.07 10:08:40 INFO  time: Connected to build server in 4.23s
2024.07.07 10:08:40 INFO  Connected to Build server: scala-cli v1.3.2
2024.07.07 10:08:42 INFO  time: indexed workspace in 1.53s
2024.07.07 10:08:42 WARN  no build target for: D:\scala\assignment 4\22000356_1.scala
2024.07.07 10:08:42 INFO  no build target found for D:\scala\assignment 4\22000356_1.scala. Using presentation compiler with project's scala-library version: 3.3.3
2024.07.07 10:08:42 INFO  no build target found for D:\scala\assignment 4\22000356_1.scala. Using presentation compiler with project's scala-library version: 3.3.3
2024.07.07 10:08:42 INFO  no build target found for D:\scala\assignment 4\22000356_1.scala. Using presentation compiler with project's scala-library version: 3.3.3
Jul 07, 2024 10:08:51 AM org.eclipse.lsp4j.jsonrpc.services.GenericEndpoint notify
INFO: Unsupported notification method: $/setTrace
2024.07.07 10:09:09 INFO  no build target found for D:\scala\assignment 4\22000356_1.scala. Using presentation compiler with project's scala-library version: 3.3.3
2024.07.07 10:09:40 INFO  no build target found for D:\scala\assignment 4\22000356_1.scala. Using presentation compiler with project's scala-library version: 3.3.3
2024.07.07 10:09:45 INFO  no build target found for D:\scala\assignment 4\22000356_1.scala. Using presentation compiler with project's scala-library version: 3.3.3
2024.07.07 10:13:31 INFO  Shutting down server
2024.07.07 10:13:31 INFO  shutting down Metals
2024.07.07 10:13:31 INFO  Shut down connection with build server.
2024.07.07 10:13:31 INFO  BSP server: Jul 07, 2024 10:13:31 AM org.eclipse.lsp4j.jsonrpc.RemoteEndpoint handleNotification
2024.07.07 10:13:31 INFO  Exiting server
2024.07.07 10:15:08 INFO  Started: Metals version 1.3.2 in folders 'D:\scala\functional-programming\assignment 4' for client Visual Studio Code 1.91.0.
SLF4J(W): Class path contains multiple SLF4J providers.
SLF4J(W): Found provider [scribe.slf4j.ScribeServiceProvider@4e4f24e4]
SLF4J(W): Found provider [ch.qos.logback.classic.spi.LogbackServiceProvider@6c5b3da4]
SLF4J(W): See https://www.slf4j.org/codes.html#multiple_bindings for an explanation.
SLF4J(I): Actual provider is of type [scribe.slf4j.ScribeServiceProvider@4e4f24e4]
2024.07.07 10:15:09 WARN  Flyway upgrade recommended: H2 2.2.224 is newer than this version of Flyway and support has not been tested. The latest supported version of H2 is 2.2.220.
2024.07.07 10:15:09 INFO  Attempting to connect to the build server...
2024.07.07 10:15:09 INFO  Running BSP server List(C:\Users\Ishan Maduranga\AppData\Local\Coursier\data\bin\.scala-cli.aux.exe, bsp, --json-options, D:\scala\assignment 4\.scala-build\ide-options-v2.json, --json-launcher-options, D:\scala\assignment 4\.scala-build\ide-launcher-options.json, --envs-file, D:\scala\assignment 4\.scala-build\ide-envs.json, D:\scala\assignment 4)
2024.07.07 10:15:10 INFO  tracing is disabled for protocol BSP, to enable tracing of incoming and outgoing JSON messages create an empty file at D:\scala\functional-programming\assignment 4\.metals\bsp.trace.json or C:\Users\Ishan Maduranga\AppData\Local\scalameta\metals\cache\bsp.trace.json
2024.07.07 10:15:10 INFO  BSP server: [error]  D:\scala\assignment 4: input file not found
2024.07.07 10:15:10 INFO  BSP server: Try viewing the relevant help to see the list of available sub-commands and options.
2024.07.07 10:15:10 INFO  BSP server:   C:\Users\Ishan Maduranga\AppData\Local\Coursier\data\bin\.scala-cli.aux.exe bsp --help
2024.07.07 10:16:10 ERROR Timeout waiting for 'build/initialize' response
2024.07.07 10:16:10 WARN  Retrying connection to the build server scala-cli
2024.07.07 10:16:10 INFO  Running BSP server List(C:\Users\Ishan Maduranga\AppData\Local\Coursier\data\bin\.scala-cli.aux.exe, bsp, --json-options, D:\scala\assignment 4\.scala-build\ide-options-v2.json, --json-launcher-options, D:\scala\assignment 4\.scala-build\ide-launcher-options.json, --envs-file, D:\scala\assignment 4\.scala-build\ide-envs.json, D:\scala\assignment 4)
2024.07.07 10:16:10 INFO  tracing is disabled for protocol BSP, to enable tracing of incoming and outgoing JSON messages create an empty file at D:\scala\functional-programming\assignment 4\.metals\bsp.trace.json or C:\Users\Ishan Maduranga\AppData\Local\scalameta\metals\cache\bsp.trace.json
2024.07.07 10:16:10 INFO  BSP server: [error]  D:\scala\assignment 4: input file not found
2024.07.07 10:16:10 INFO  BSP server: Try viewing the relevant help to see the list of available sub-commands and options.
2024.07.07 10:16:10 INFO  BSP server:   C:\Users\Ishan Maduranga\AppData\Local\Coursier\data\bin\.scala-cli.aux.exe bsp --help
2024.07.07 10:17:10 ERROR Timeout waiting for 'build/initialize' response
2024.07.07 10:17:10 WARN  Retrying connection to the build server scala-cli
2024.07.07 10:17:10 INFO  Running BSP server List(C:\Users\Ishan Maduranga\AppData\Local\Coursier\data\bin\.scala-cli.aux.exe, bsp, --json-options, D:\scala\assignment 4\.scala-build\ide-options-v2.json, --json-launcher-options, D:\scala\assignment 4\.scala-build\ide-launcher-options.json, --envs-file, D:\scala\assignment 4\.scala-build\ide-envs.json, D:\scala\assignment 4)
2024.07.07 10:17:10 INFO  tracing is disabled for protocol BSP, to enable tracing of incoming and outgoing JSON messages create an empty file at D:\scala\functional-programming\assignment 4\.metals\bsp.trace.json or C:\Users\Ishan Maduranga\AppData\Local\scalameta\metals\cache\bsp.trace.json
2024.07.07 10:17:10 INFO  BSP server: [error]  D:\scala\assignment 4: input file not found
2024.07.07 10:17:10 INFO  BSP server: Try viewing the relevant help to see the list of available sub-commands and options.
2024.07.07 10:17:10 INFO  BSP server:   C:\Users\Ishan Maduranga\AppData\Local\Coursier\data\bin\.scala-cli.aux.exe bsp --help
Jul 07, 2024 10:17:18 AM org.eclipse.lsp4j.jsonrpc.services.GenericEndpoint notify
INFO: Unsupported notification method: $/setTrace
2024.07.07 10:18:10 ERROR Timeout waiting for 'build/initialize' response
2024.07.07 10:18:10 WARN  Retrying connection to the build server scala-cli
2024.07.07 10:18:10 INFO  Running BSP server List(C:\Users\Ishan Maduranga\AppData\Local\Coursier\data\bin\.scala-cli.aux.exe, bsp, --json-options, D:\scala\assignment 4\.scala-build\ide-options-v2.json, --json-launcher-options, D:\scala\assignment 4\.scala-build\ide-launcher-options.json, --envs-file, D:\scala\assignment 4\.scala-build\ide-envs.json, D:\scala\assignment 4)
2024.07.07 10:18:10 INFO  tracing is disabled for protocol BSP, to enable tracing of incoming and outgoing JSON messages create an empty file at D:\scala\functional-programming\assignment 4\.metals\bsp.trace.json or C:\Users\Ishan Maduranga\AppData\Local\scalameta\metals\cache\bsp.trace.json
2024.07.07 10:18:10 INFO  BSP server: [error]  D:\scala\assignment 4: input file not found
2024.07.07 10:18:10 INFO  BSP server: Try viewing the relevant help to see the list of available sub-commands and options.
2024.07.07 10:18:10 INFO  BSP server:   C:\Users\Ishan Maduranga\AppData\Local\Coursier\data\bin\.scala-cli.aux.exe bsp --help
2024.07.07 10:19:10 ERROR Timeout waiting for 'build/initialize' response
2024.07.07 10:19:10 WARN  Retrying connection to the build server scala-cli
2024.07.07 10:19:10 INFO  Running BSP server List(C:\Users\Ishan Maduranga\AppData\Local\Coursier\data\bin\.scala-cli.aux.exe, bsp, --json-options, D:\scala\assignment 4\.scala-build\ide-options-v2.json, --json-launcher-options, D:\scala\assignment 4\.scala-build\ide-launcher-options.json, --envs-file, D:\scala\assignment 4\.scala-build\ide-envs.json, D:\scala\assignment 4)
2024.07.07 10:19:10 INFO  tracing is disabled for protocol BSP, to enable tracing of incoming and outgoing JSON messages create an empty file at D:\scala\functional-programming\assignment 4\.metals\bsp.trace.json or C:\Users\Ishan Maduranga\AppData\Local\scalameta\metals\cache\bsp.trace.json
2024.07.07 10:19:10 INFO  BSP server: [error]  D:\scala\assignment 4: input file not found
2024.07.07 10:19:10 INFO  BSP server: Try viewing the relevant help to see the list of available sub-commands and options.
2024.07.07 10:19:10 INFO  BSP server:   C:\Users\Ishan Maduranga\AppData\Local\Coursier\data\bin\.scala-cli.aux.exe bsp --help
2024.07.07 10:20:10 ERROR Timeout waiting for 'build/initialize' response
2024.07.07 10:20:10 WARN  Retrying connection to the build server scala-cli
2024.07.07 10:20:10 INFO  Running BSP server List(C:\Users\Ishan Maduranga\AppData\Local\Coursier\data\bin\.scala-cli.aux.exe, bsp, --json-options, D:\scala\assignment 4\.scala-build\ide-options-v2.json, --json-launcher-options, D:\scala\assignment 4\.scala-build\ide-launcher-options.json, --envs-file, D:\scala\assignment 4\.scala-build\ide-envs.json, D:\scala\assignment 4)
2024.07.07 10:20:10 INFO  tracing is disabled for protocol BSP, to enable tracing of incoming and outgoing JSON messages create an empty file at D:\scala\functional-programming\assignment 4\.metals\bsp.trace.json or C:\Users\Ishan Maduranga\AppData\Local\scalameta\metals\cache\bsp.trace.json
2024.07.07 10:20:10 INFO  BSP server: [error]  D:\scala\assignment 4: input file not found
2024.07.07 10:20:10 INFO  BSP server: Try viewing the relevant help to see the list of available sub-commands and options.
2024.07.07 10:20:10 INFO  BSP server:   C:\Users\Ishan Maduranga\AppData\Local\Coursier\data\bin\.scala-cli.aux.exe bsp --help
2024.07.07 10:21:10 ERROR Timeout waiting for 'build/initialize' response
2024.07.07 10:21:10 ERROR Failed to connect with build server, no functionality will work.
java.util.concurrent.TimeoutException
	at java.util.concurrent.CompletableFuture.timedGet(CompletableFuture.java:1960)
	at java.util.concurrent.CompletableFuture.get(CompletableFuture.java:2095)
	at scala.meta.internal.metals.BuildServerConnection$.initialize(BuildServerConnection.scala:737)
	at scala.meta.internal.metals.BuildServerConnection$.$anonfun$fromSockets$1(BuildServerConnection.scala:615)
	at scala.concurrent.impl.Promise$Transformation.run(Promise.scala:467)
	at java.util.concurrent.ThreadPoolExecutor.runWorker(ThreadPoolExecutor.java:1136)
	at java.util.concurrent.ThreadPoolExecutor$Worker.run(ThreadPoolExecutor.java:635)
	at java.lang.Thread.run(Thread.java:833)

2024.07.07 10:22:10 INFO  Shutting down server
2024.07.07 10:22:10 INFO  shutting down Metals
2024.07.07 10:22:10 INFO  Exiting server
2024.07.07 10:23:06 INFO  Started: Metals version 1.3.2 in folders 'D:\scala\functional-programming\assignment 4' for client Visual Studio Code 1.91.0.
SLF4J(W): Class path contains multiple SLF4J providers.
SLF4J(W): Found provider [scribe.slf4j.ScribeServiceProvider@5b3093b9]
SLF4J(W): Found provider [ch.qos.logback.classic.spi.LogbackServiceProvider@3a0d2623]
SLF4J(W): See https://www.slf4j.org/codes.html#multiple_bindings for an explanation.
SLF4J(I): Actual provider is of type [scribe.slf4j.ScribeServiceProvider@5b3093b9]
2024.07.07 10:23:07 WARN  Flyway upgrade recommended: H2 2.2.224 is newer than this version of Flyway and support has not been tested. The latest supported version of H2 is 2.2.220.
2024.07.07 10:23:07 INFO  Attempting to connect to the build server...
2024.07.07 10:23:07 INFO  Running BSP server List(C:\Users\Ishan Maduranga\AppData\Local\Coursier\data\bin\.scala-cli.aux.exe, bsp, --json-options, D:\scala\assignment 4\.scala-build\ide-options-v2.json, --json-launcher-options, D:\scala\assignment 4\.scala-build\ide-launcher-options.json, --envs-file, D:\scala\assignment 4\.scala-build\ide-envs.json, D:\scala\assignment 4)
2024.07.07 10:23:07 INFO  tracing is disabled for protocol BSP, to enable tracing of incoming and outgoing JSON messages create an empty file at D:\scala\functional-programming\assignment 4\.metals\bsp.trace.json or C:\Users\Ishan Maduranga\AppData\Local\scalameta\metals\cache\bsp.trace.json
2024.07.07 10:23:07 INFO  BSP server: [error]  D:\scala\assignment 4: input file not found
2024.07.07 10:23:07 INFO  BSP server: Try viewing the relevant help to see the list of available sub-commands and options.
2024.07.07 10:23:07 INFO  BSP server:   C:\Users\Ishan Maduranga\AppData\Local\Coursier\data\bin\.scala-cli.aux.exe bsp --help
2024.07.07 10:23:17 INFO  Shutting down server
2024.07.07 10:23:17 INFO  shutting down Metals
2024.07.07 10:23:17 INFO  Exiting server
2024.07.07 10:23:38 INFO  Started: Metals version 1.3.2 in folders 'D:\scala\functional-programming\assignment 4' for client Visual Studio Code 1.91.0.
SLF4J(W): Class path contains multiple SLF4J providers.
SLF4J(W): Found provider [scribe.slf4j.ScribeServiceProvider@433e0ae7]
SLF4J(W): Found provider [ch.qos.logback.classic.spi.LogbackServiceProvider@3a49e68d]
SLF4J(W): See https://www.slf4j.org/codes.html#multiple_bindings for an explanation.
SLF4J(I): Actual provider is of type [scribe.slf4j.ScribeServiceProvider@433e0ae7]
2024.07.07 10:23:39 WARN  Flyway upgrade recommended: H2 2.2.224 is newer than this version of Flyway and support has not been tested. The latest supported version of H2 is 2.2.220.
2024.07.07 10:23:39 INFO  Attempting to connect to the build server...
2024.07.07 10:23:39 INFO  Running BSP server List(C:\Users\Ishan Maduranga\AppData\Local\Coursier\data\bin\.scala-cli.aux.exe, bsp, --json-options, D:\scala\assignment 4\.scala-build\ide-options-v2.json, --json-launcher-options, D:\scala\assignment 4\.scala-build\ide-launcher-options.json, --envs-file, D:\scala\assignment 4\.scala-build\ide-envs.json, D:\scala\assignment 4)
2024.07.07 10:23:39 INFO  tracing is disabled for protocol BSP, to enable tracing of incoming and outgoing JSON messages create an empty file at D:\scala\functional-programming\assignment 4\.metals\bsp.trace.json or C:\Users\Ishan Maduranga\AppData\Local\scalameta\metals\cache\bsp.trace.json
2024.07.07 10:23:40 INFO  BSP server: [error]  D:\scala\assignment 4: input file not found
2024.07.07 10:23:40 INFO  BSP server: Try viewing the relevant help to see the list of available sub-commands and options.
2024.07.07 10:23:40 INFO  BSP server:   C:\Users\Ishan Maduranga\AppData\Local\Coursier\data\bin\.scala-cli.aux.exe bsp --help
Jul 07, 2024 10:23:54 AM org.eclipse.lsp4j.jsonrpc.services.GenericEndpoint notify
INFO: Unsupported notification method: $/setTrace
2024.07.07 10:24:25 INFO  Shutting down server
2024.07.07 10:24:25 INFO  shutting down Metals
2024.07.07 10:24:25 INFO  Exiting server
2024.07.07 10:24:45 INFO  Started: Metals version 1.3.2 in folders 'D:\scala\functional-programming\assignment 4' for client Visual Studio Code 1.91.0.
SLF4J(W): Class path contains multiple SLF4J providers.
SLF4J(W): Found provider [scribe.slf4j.ScribeServiceProvider@24e53354]
SLF4J(W): Found provider [ch.qos.logback.classic.spi.LogbackServiceProvider@fa5ba0b]
SLF4J(W): See https://www.slf4j.org/codes.html#multiple_bindings for an explanation.
SLF4J(I): Actual provider is of type [scribe.slf4j.ScribeServiceProvider@24e53354]
2024.07.07 10:24:46 WARN  Flyway upgrade recommended: H2 2.2.224 is newer than this version of Flyway and support has not been tested. The latest supported version of H2 is 2.2.220.
2024.07.07 10:24:47 INFO  Attempting to connect to the build server...
2024.07.07 10:24:47 INFO  Running BSP server List(C:\Users\Ishan Maduranga\AppData\Local\Coursier\data\bin\.scala-cli.aux.exe, bsp, --json-options, D:\scala\assignment 4\.scala-build\ide-options-v2.json, --json-launcher-options, D:\scala\assignment 4\.scala-build\ide-launcher-options.json, --envs-file, D:\scala\assignment 4\.scala-build\ide-envs.json, D:\scala\assignment 4)
2024.07.07 10:24:47 INFO  tracing is disabled for protocol BSP, to enable tracing of incoming and outgoing JSON messages create an empty file at D:\scala\functional-programming\assignment 4\.metals\bsp.trace.json or C:\Users\Ishan Maduranga\AppData\Local\scalameta\metals\cache\bsp.trace.json
2024.07.07 10:24:47 INFO  BSP server: [error]  D:\scala\assignment 4: input file not found
2024.07.07 10:24:47 INFO  BSP server: Try viewing the relevant help to see the list of available sub-commands and options.
2024.07.07 10:24:47 INFO  BSP server:   C:\Users\Ishan Maduranga\AppData\Local\Coursier\data\bin\.scala-cli.aux.exe bsp --help
Jul 07, 2024 10:25:13 AM org.eclipse.lsp4j.jsonrpc.services.GenericEndpoint notify
INFO: Unsupported notification method: $/setTrace
2024.07.07 10:25:47 ERROR Timeout waiting for 'build/initialize' response
2024.07.07 10:25:47 WARN  Retrying connection to the build server scala-cli
2024.07.07 10:25:47 INFO  Running BSP server List(C:\Users\Ishan Maduranga\AppData\Local\Coursier\data\bin\.scala-cli.aux.exe, bsp, --json-options, D:\scala\assignment 4\.scala-build\ide-options-v2.json, --json-launcher-options, D:\scala\assignment 4\.scala-build\ide-launcher-options.json, --envs-file, D:\scala\assignment 4\.scala-build\ide-envs.json, D:\scala\assignment 4)
2024.07.07 10:25:47 INFO  tracing is disabled for protocol BSP, to enable tracing of incoming and outgoing JSON messages create an empty file at D:\scala\functional-programming\assignment 4\.metals\bsp.trace.json or C:\Users\Ishan Maduranga\AppData\Local\scalameta\metals\cache\bsp.trace.json
2024.07.07 10:25:47 INFO  BSP server: [error]  D:\scala\assignment 4: input file not found
2024.07.07 10:25:47 INFO  BSP server: Try viewing the relevant help to see the list of available sub-commands and options.
2024.07.07 10:25:47 INFO  BSP server:   C:\Users\Ishan Maduranga\AppData\Local\Coursier\data\bin\.scala-cli.aux.exe bsp --help
